<?xml version="1.0" encoding="UTF-8"?>
<!-- Generated by org.testng.reporters.JUnitXMLReporter -->
<testsuite ignored="0" hostname="IN-PF42S2SA" failures="1" tests="1" name="Schedule Appointment" time="40.323" errors="0" timestamp="2024-06-25T15:20:36 IST">
  <testcase classname="harrywinston.com.test.Test" name="serviceScheduleAppointment" time="34.191">
    <failure type="java.lang.AssertionError" message="expected [true] but found [false]">
      <![CDATA[java.lang.AssertionError: expected [true] but found [false]
at harrywinston.com.test.Test.serviceScheduleAppointment(Test.java:34)
at java.base/java.util.ArrayList.forEach(ArrayList.java:1511)
... Removed 31 stack frames]]>
    </failure>
  </testcase> <!-- serviceScheduleAppointment -->
</testsuite> <!-- Schedule Appointment -->
